<?xml version="1.0" encoding="UTF-8"?>
<testng-results skipped="0" failed="0" ignored="0" total="1" passed="1">
  <reporter-output>
  </reporter-output>
  <suite name="Default suite" duration-ms="14743" started-at="2020-11-27T13:15:16Z" finished-at="2020-11-27T13:15:31Z">
    <groups>
    </groups>
    <test name="Default test" duration-ms="14743" started-at="2020-11-27T13:15:16Z" finished-at="2020-11-27T13:15:31Z">
      <class name="New_project.Extentreport">
        <test-method status="PASS" signature="verifyBlogTitle()[pri:0, instance:New_project.Extentreport@13deb50e]" name="verifyBlogTitle" duration-ms="13895" started-at="2020-11-27T13:15:16Z" finished-at="2020-11-27T13:15:30Z">
          <reporter-output>
          </reporter-output>
        </test-method> <!-- verifyBlogTitle -->
        <test-method status="PASS" signature="tearDown(org.testng.ITestResult)[pri:0, instance:New_project.Extentreport@13deb50e]" name="tearDown" is-config="true" duration-ms="823" started-at="2020-11-27T13:15:30Z" finished-at="2020-11-27T13:15:31Z">
          <params>
            <param index="0">
              <value>
                <![CDATA[[TestResult name=verifyBlogTitle status=SUCCESS method=Extentreport.verifyBlogTitle()[pri:0, instance:New_project.Extentreport@13deb50e] output={null}]]]>
              </value>
            </param>
          </params>
          <reporter-output>
          </reporter-output>
        </test-method> <!-- tearDown -->
      </class> <!-- New_project.Extentreport -->
    </test> <!-- Default test -->
  </suite> <!-- Default suite -->
</testng-results>
